<?xml version="1.0" encoding="UTF-8"?>
<!-- Generated by org.testng.reporters.JUnitReportReporter -->
<testsuite hostname="EPINBANW0240" failures="0" tests="5" name="demoMaven.DemoMavenProject.TestCase3" time="10.279" errors="0" timestamp="2023-05-17T16:32:13 IST" skipped="0">
  <testcase classname="demoMaven.DemoMavenProject.TestCase3" name="createBookingTest" time="4.795"/>
  <system-out/>
  <testcase classname="demoMaven.DemoMavenProject.TestCase3" name="getAuthToken" time="1.314"/>
  <system-out/>
  <testcase classname="demoMaven.DemoMavenProject.TestCase3" name="updateBookingTest" time="1.472"/>
  <system-out/>
  <testcase classname="demoMaven.DemoMavenProject.TestCase3" name="getBookingTest" time="1.375"/>
  <system-out/>
  <testcase classname="demoMaven.DemoMavenProject.TestCase3" name="deleteBookingTest" time="1.323"/>
  <system-out/>
</testsuite> <!-- demoMaven.DemoMavenProject.TestCase3 -->
