<?xml version="1.0" encoding="UTF-8"?>
<!-- Generated by org.testng.reporters.JUnitReportReporter -->
<testsuite hostname="EPINBANW0240" failures="0" tests="5" name="demoMaven.DemoMavenProject.TestCase3" time="13.489" errors="0" timestamp="2023-05-17T20:47:37 IST" skipped="0">
  <testcase classname="demoMaven.DemoMavenProject.TestCase3" name="createBookingTest" time="4.739"/>
  <system-out/>
  <testcase classname="demoMaven.DemoMavenProject.TestCase3" name="getAuthToken" time="1.641"/>
  <system-out/>
  <testcase classname="demoMaven.DemoMavenProject.TestCase3" name="updateBookingTest" time="2.320"/>
  <system-out/>
  <testcase classname="demoMaven.DemoMavenProject.TestCase3" name="getBookingTest" time="1.601"/>
  <system-out/>
  <testcase classname="demoMaven.DemoMavenProject.TestCase3" name="deleteBookingTest" time="3.188"/>
  <system-out/>
</testsuite> <!-- demoMaven.DemoMavenProject.TestCase3 -->
