<?xml version="1.0" encoding="UTF-8"?>
<!-- Generated by org.testng.reporters.JUnitReportReporter -->
<testsuite hostname="EPINBANW0240" failures="0" tests="1" name="demoMaven.DemoMavenProject.TestCase1Test" time="8.566" errors="0" timestamp="2023-05-17T20:47:37 IST" skipped="0">
  <testcase classname="demoMaven.DemoMavenProject.TestCase1Test" name="mainTest" time="8.566"/>
  <system-out/>
</testsuite> <!-- demoMaven.DemoMavenProject.TestCase1Test -->
