<?xml version="1.0" encoding="UTF-8"?>
<!-- Generated by org.testng.reporters.JUnitReportReporter -->
<testsuite hostname="EPINBANW0240" failures="0" tests="5" name="demoMaven.DemoMavenProject.TestCase3" time="14.145" errors="0" timestamp="2023-05-17T20:58:34 IST" skipped="0">
  <testcase classname="demoMaven.DemoMavenProject.TestCase3" name="createBookingTest" time="3.432"/>
  <system-out/>
  <testcase classname="demoMaven.DemoMavenProject.TestCase3" name="getAuthToken" time="2.315"/>
  <system-out/>
  <testcase classname="demoMaven.DemoMavenProject.TestCase3" name="updateBookingTest" time="1.564"/>
  <system-out/>
  <testcase classname="demoMaven.DemoMavenProject.TestCase3" name="getBookingTest" time="5.363"/>
  <system-out/>
  <testcase classname="demoMaven.DemoMavenProject.TestCase3" name="deleteBookingTest" time="1.471"/>
  <system-out/>
</testsuite> <!-- demoMaven.DemoMavenProject.TestCase3 -->
