<?xml version="1.0" encoding="UTF-8"?>
<!-- Generated by org.testng.reporters.JUnitReportReporter -->
<testsuite hostname="EPINBANW0240" failures="0" tests="1" name="demoMaven.DemoMavenProject.TestCase1" time="96.098" errors="0" timestamp="2023-05-17T20:58:34 IST" skipped="0">
  <testcase classname="demoMaven.DemoMavenProject.TestCase1" name="mainTest" time="96.098"/>
  <system-out/>
</testsuite> <!-- demoMaven.DemoMavenProject.TestCase1 -->
