<?xml version="1.0" encoding="UTF-8"?>
<!-- Generated by org.testng.reporters.JUnitReportReporter -->
<testsuite hostname="EPINBANW0240" failures="0" tests="1" name="demoMaven.DemoMavenProject.TestCase2Test" time="6.719" errors="0" timestamp="2023-05-17T20:50:57 IST" skipped="0">
  <testcase classname="demoMaven.DemoMavenProject.TestCase2Test" name="mainTest" time="6.719"/>
  <system-out/>
</testsuite> <!-- demoMaven.DemoMavenProject.TestCase2Test -->
